<?xml version="1.0" encoding="UTF-8"?>
<testng-results skipped="4" failed="0" ignored="0" total="10" passed="6">
  <reporter-output>
  </reporter-output>
  <suite name="Default suite" duration-ms="95890" started-at="2022-08-06T12:18:30 ICT" finished-at="2022-08-06T12:20:06 ICT">
    <groups>
      <group name="cucumber">
        <method signature="AbstractTestNGCucumberTests.runScenario(io.cucumber.testng.PickleWrapper, io.cucumber.testng.FeatureWrapper)[pri:0, instance:runner.RunnerData@458c1321]" name="runScenario" class="io.cucumber.testng.AbstractTestNGCucumberTests"/>
      </group> <!-- cucumber -->
    </groups>
    <test name="Default test" duration-ms="95890" started-at="2022-08-06T12:18:30 ICT" finished-at="2022-08-06T12:20:06 ICT">
      <class name="runner.RunnerData">
        <test-method status="PASS" signature="setUpClass()[pri:0, instance:runner.RunnerData@458c1321]" name="setUpClass" is-config="true" duration-ms="357" started-at="2022-08-06T12:18:30 ICT" finished-at="2022-08-06T12:18:30 ICT">
          <reporter-output>
          </reporter-output>
        </test-method> <!-- setUpClass -->
        <test-method status="PASS" signature="runScenario(io.cucumber.testng.PickleWrapper, io.cucumber.testng.FeatureWrapper)[pri:0, instance:runner.RunnerData@458c1321]" name="runScenario" duration-ms="18659" started-at="2022-08-06T12:18:30 ICT" description="Runs Cucumber Scenarios" data-provider="scenarios" finished-at="2022-08-06T12:18:49 ICT">
          <params>
            <param index="0">
              <value>
                <![CDATA["Valid distribute"]]>
              </value>
            </param>
            <param index="1">
              <value>
                <![CDATA["Distribute Data Test"]]>
              </value>
            </param>
          </params>
          <reporter-output>
          </reporter-output>
        </test-method> <!-- runScenario -->
        <test-method status="PASS" signature="runScenario(io.cucumber.testng.PickleWrapper, io.cucumber.testng.FeatureWrapper)[pri:0, instance:runner.RunnerData@458c1321]" name="runScenario" duration-ms="11990" started-at="2022-08-06T12:18:49 ICT" description="Runs Cucumber Scenarios" data-provider="scenarios" finished-at="2022-08-06T12:19:01 ICT">
          <params>
            <param index="0">
              <value>
                <![CDATA["InValid distribute"]]>
              </value>
            </param>
            <param index="1">
              <value>
                <![CDATA["Distribute Data Test"]]>
              </value>
            </param>
          </params>
          <reporter-output>
          </reporter-output>
        </test-method> <!-- runScenario -->
        <test-method status="PASS" signature="runScenario(io.cucumber.testng.PickleWrapper, io.cucumber.testng.FeatureWrapper)[pri:0, instance:runner.RunnerData@458c1321]" name="runScenario" duration-ms="17133" started-at="2022-08-06T12:19:01 ICT" description="Runs Cucumber Scenarios" data-provider="scenarios" finished-at="2022-08-06T12:19:18 ICT">
          <params>
            <param index="0">
              <value>
                <![CDATA["InValid distribute"]]>
              </value>
            </param>
            <param index="1">
              <value>
                <![CDATA["Distribute Data Test"]]>
              </value>
            </param>
          </params>
          <reporter-output>
          </reporter-output>
        </test-method> <!-- runScenario -->
        <test-method status="PASS" signature="runScenario(io.cucumber.testng.PickleWrapper, io.cucumber.testng.FeatureWrapper)[pri:0, instance:runner.RunnerData@458c1321]" name="runScenario" duration-ms="11694" started-at="2022-08-06T12:19:18 ICT" description="Runs Cucumber Scenarios" data-provider="scenarios" finished-at="2022-08-06T12:19:30 ICT">
          <params>
            <param index="0">
              <value>
                <![CDATA["InValid distribute"]]>
              </value>
            </param>
            <param index="1">
              <value>
                <![CDATA["Distribute Data Test"]]>
              </value>
            </param>
          </params>
          <reporter-output>
          </reporter-output>
        </test-method> <!-- runScenario -->
        <test-method status="SKIP" signature="runScenario(io.cucumber.testng.PickleWrapper, io.cucumber.testng.FeatureWrapper)[pri:0, instance:runner.RunnerData@458c1321]" name="runScenario" duration-ms="92" started-at="2022-08-06T12:19:30 ICT" description="Runs Cucumber Scenarios" data-provider="scenarios" finished-at="2022-08-06T12:19:30 ICT">
          <params>
            <param index="0">
              <value>
                <![CDATA["Valid Edit"]]>
              </value>
            </param>
            <param index="1">
              <value>
                <![CDATA["Edit Data Test"]]>
              </value>
            </param>
          </params>
          <exception class="io.cucumber.testng.UndefinedStepException">
            <message>
              <![CDATA[There were 6 undefined steps
The step "User login with username "developer" and password "23"" is undefined. You can implement it using the snippet(s) below:

@Given("User login with username {string} and password {string}")
public void user_login_with_username_and_password(String string, String string2) {
    // Write code here that turns the phrase above into concrete actions
    throw new io.cucumber.java.PendingException();
}

The step "User move to table Edit Data" is undefined. You can implement it using the snippet(s) below:

@Given("User move to table Edit Data")
public void user_move_to_table_Edit_Data() {
    // Write code here that turns the phrase above into concrete actions
    throw new io.cucumber.java.PendingException();
}

The step "User select the earliest data" is undefined. You can implement it using the snippet(s) below:

@Given("User select the earliest data")
public void user_select_the_earliest_data() {
    // Write code here that turns the phrase above into concrete actions
    throw new io.cucumber.java.PendingException();
}

The step "User update or edit the data" is undefined. You can implement it using the snippet(s) below:

@Given("User update or edit the data")
public void user_update_or_edit_the_data() {
    // Write code here that turns the phrase above into concrete actions
    throw new io.cucumber.java.PendingException();
}

The step "User confirm or click update button" is undefined. You can implement it using the snippet(s) below:

@Given("User confirm or click update button")
public void user_confirm_or_click_update_button() {
    // Write code here that turns the phrase above into concrete actions
    throw new io.cucumber.java.PendingException();
}

The step "User see data changed successfully" is undefined. You can implement it using the snippet(s) below:

@Then("User see data changed successfully")
public void user_see_data_changed_successfully() {
    // Write code here that turns the phrase above into concrete actions
    throw new io.cucumber.java.PendingException();
}
]]>
            </message>
            <full-stacktrace>
              <![CDATA[io.cucumber.testng.UndefinedStepException: There were 6 undefined steps
The step "User login with username "developer" and password "23"" is undefined. You can implement it using the snippet(s) below:

@Given("User login with username {string} and password {string}")
public void user_login_with_username_and_password(String string, String string2) {
    // Write code here that turns the phrase above into concrete actions
    throw new io.cucumber.java.PendingException();
}

The step "User move to table Edit Data" is undefined. You can implement it using the snippet(s) below:

@Given("User move to table Edit Data")
public void user_move_to_table_Edit_Data() {
    // Write code here that turns the phrase above into concrete actions
    throw new io.cucumber.java.PendingException();
}

The step "User select the earliest data" is undefined. You can implement it using the snippet(s) below:

@Given("User select the earliest data")
public void user_select_the_earliest_data() {
    // Write code here that turns the phrase above into concrete actions
    throw new io.cucumber.java.PendingException();
}

The step "User update or edit the data" is undefined. You can implement it using the snippet(s) below:

@Given("User update or edit the data")
public void user_update_or_edit_the_data() {
    // Write code here that turns the phrase above into concrete actions
    throw new io.cucumber.java.PendingException();
}

The step "User confirm or click update button" is undefined. You can implement it using the snippet(s) below:

@Given("User confirm or click update button")
public void user_confirm_or_click_update_button() {
    // Write code here that turns the phrase above into concrete actions
    throw new io.cucumber.java.PendingException();
}

The step "User see data changed successfully" is undefined. You can implement it using the snippet(s) below:

@Then("User see data changed successfully")
public void user_see_data_changed_successfully() {
    // Write code here that turns the phrase above into concrete actions
    throw new io.cucumber.java.PendingException();
}

at io.cucumber.testng.TestCaseResultObserver.assertTestCasePassed(TestCaseResultObserver.java:112)
at io.cucumber.testng.TestNGCucumberRunner.runScenario(TestNGCucumberRunner.java:125)
at io.cucumber.testng.AbstractTestNGCucumberTests.runScenario(AbstractTestNGCucumberTests.java:29)
at sun.reflect.NativeMethodAccessorImpl.invoke0(Native Method)
at sun.reflect.NativeMethodAccessorImpl.invoke(NativeMethodAccessorImpl.java:62)
at sun.reflect.DelegatingMethodAccessorImpl.invoke(DelegatingMethodAccessorImpl.java:43)
at java.lang.reflect.Method.invoke(Method.java:498)
at org.testng.internal.MethodInvocationHelper.invokeMethod(MethodInvocationHelper.java:134)
at org.testng.internal.TestInvoker.invokeMethod(TestInvoker.java:597)
at org.testng.internal.TestInvoker.invokeTestMethod(TestInvoker.java:173)
at org.testng.internal.MethodRunner.runInSequence(MethodRunner.java:46)
at org.testng.internal.TestInvoker$MethodInvocationAgent.invoke(TestInvoker.java:816)
at org.testng.internal.TestInvoker.invokeTestMethods(TestInvoker.java:146)
at org.testng.internal.TestMethodWorker.invokeTestMethods(TestMethodWorker.java:146)
at org.testng.internal.TestMethodWorker.run(TestMethodWorker.java:128)
at java.util.ArrayList.forEach(ArrayList.java:1259)
at org.testng.TestRunner.privateRun(TestRunner.java:766)
at org.testng.TestRunner.run(TestRunner.java:587)
at org.testng.SuiteRunner.runTest(SuiteRunner.java:384)
at org.testng.SuiteRunner.runSequentially(SuiteRunner.java:378)
at org.testng.SuiteRunner.privateRun(SuiteRunner.java:337)
at org.testng.SuiteRunner.run(SuiteRunner.java:286)
at org.testng.SuiteRunnerWorker.runSuite(SuiteRunnerWorker.java:53)
at org.testng.SuiteRunnerWorker.run(SuiteRunnerWorker.java:96)
at org.testng.TestNG.runSuitesSequentially(TestNG.java:1187)
at org.testng.TestNG.runSuitesLocally(TestNG.java:1109)
at org.testng.TestNG.runSuites(TestNG.java:1039)
at org.testng.TestNG.run(TestNG.java:1007)
at org.testng.remote.AbstractRemoteTestNG.run(AbstractRemoteTestNG.java:115)
at org.testng.remote.RemoteTestNG.initAndRun(RemoteTestNG.java:251)
at org.testng.remote.RemoteTestNG.main(RemoteTestNG.java:77)
]]>
            </full-stacktrace>
          </exception> <!-- io.cucumber.testng.UndefinedStepException -->
          <reporter-output>
          </reporter-output>
        </test-method> <!-- runScenario -->
        <test-method status="SKIP" signature="runScenario(io.cucumber.testng.PickleWrapper, io.cucumber.testng.FeatureWrapper)[pri:0, instance:runner.RunnerData@458c1321]" name="runScenario" duration-ms="57" started-at="2022-08-06T12:19:30 ICT" description="Runs Cucumber Scenarios" data-provider="scenarios" finished-at="2022-08-06T12:19:30 ICT">
          <params>
            <param index="0">
              <value>
                <![CDATA["Valid Edit"]]>
              </value>
            </param>
            <param index="1">
              <value>
                <![CDATA["Edit Data Test"]]>
              </value>
            </param>
          </params>
          <exception class="io.cucumber.testng.UndefinedStepException">
            <message>
              <![CDATA[There were 6 undefined steps
The step "User login with username "developer" and password "23"" is undefined. You can implement it using the snippet(s) below:

@Given("User login with username {string} and password {string}")
public void user_login_with_username_and_password(String string, String string2) {
    // Write code here that turns the phrase above into concrete actions
    throw new io.cucumber.java.PendingException();
}

The step "User move to table Edit Data" is undefined. You can implement it using the snippet(s) below:

@Given("User move to table Edit Data")
public void user_move_to_table_Edit_Data() {
    // Write code here that turns the phrase above into concrete actions
    throw new io.cucumber.java.PendingException();
}

The step "User select the latest data" is undefined. You can implement it using the snippet(s) below:

@Given("User select the latest data")
public void user_select_the_latest_data() {
    // Write code here that turns the phrase above into concrete actions
    throw new io.cucumber.java.PendingException();
}

The step "User update or edit the data" is undefined. You can implement it using the snippet(s) below:

@Given("User update or edit the data")
public void user_update_or_edit_the_data() {
    // Write code here that turns the phrase above into concrete actions
    throw new io.cucumber.java.PendingException();
}

The step "User confirm or click update button" is undefined. You can implement it using the snippet(s) below:

@Given("User confirm or click update button")
public void user_confirm_or_click_update_button() {
    // Write code here that turns the phrase above into concrete actions
    throw new io.cucumber.java.PendingException();
}

The step "User see data changed successfully" is undefined. You can implement it using the snippet(s) below:

@Then("User see data changed successfully")
public void user_see_data_changed_successfully() {
    // Write code here that turns the phrase above into concrete actions
    throw new io.cucumber.java.PendingException();
}
]]>
            </message>
            <full-stacktrace>
              <![CDATA[io.cucumber.testng.UndefinedStepException: There were 6 undefined steps
The step "User login with username "developer" and password "23"" is undefined. You can implement it using the snippet(s) below:

@Given("User login with username {string} and password {string}")
public void user_login_with_username_and_password(String string, String string2) {
    // Write code here that turns the phrase above into concrete actions
    throw new io.cucumber.java.PendingException();
}

The step "User move to table Edit Data" is undefined. You can implement it using the snippet(s) below:

@Given("User move to table Edit Data")
public void user_move_to_table_Edit_Data() {
    // Write code here that turns the phrase above into concrete actions
    throw new io.cucumber.java.PendingException();
}

The step "User select the latest data" is undefined. You can implement it using the snippet(s) below:

@Given("User select the latest data")
public void user_select_the_latest_data() {
    // Write code here that turns the phrase above into concrete actions
    throw new io.cucumber.java.PendingException();
}

The step "User update or edit the data" is undefined. You can implement it using the snippet(s) below:

@Given("User update or edit the data")
public void user_update_or_edit_the_data() {
    // Write code here that turns the phrase above into concrete actions
    throw new io.cucumber.java.PendingException();
}

The step "User confirm or click update button" is undefined. You can implement it using the snippet(s) below:

@Given("User confirm or click update button")
public void user_confirm_or_click_update_button() {
    // Write code here that turns the phrase above into concrete actions
    throw new io.cucumber.java.PendingException();
}

The step "User see data changed successfully" is undefined. You can implement it using the snippet(s) below:

@Then("User see data changed successfully")
public void user_see_data_changed_successfully() {
    // Write code here that turns the phrase above into concrete actions
    throw new io.cucumber.java.PendingException();
}

at io.cucumber.testng.TestCaseResultObserver.assertTestCasePassed(TestCaseResultObserver.java:112)
at io.cucumber.testng.TestNGCucumberRunner.runScenario(TestNGCucumberRunner.java:125)
at io.cucumber.testng.AbstractTestNGCucumberTests.runScenario(AbstractTestNGCucumberTests.java:29)
at sun.reflect.NativeMethodAccessorImpl.invoke0(Native Method)
at sun.reflect.NativeMethodAccessorImpl.invoke(NativeMethodAccessorImpl.java:62)
at sun.reflect.DelegatingMethodAccessorImpl.invoke(DelegatingMethodAccessorImpl.java:43)
at java.lang.reflect.Method.invoke(Method.java:498)
at org.testng.internal.MethodInvocationHelper.invokeMethod(MethodInvocationHelper.java:134)
at org.testng.internal.TestInvoker.invokeMethod(TestInvoker.java:597)
at org.testng.internal.TestInvoker.invokeTestMethod(TestInvoker.java:173)
at org.testng.internal.MethodRunner.runInSequence(MethodRunner.java:46)
at org.testng.internal.TestInvoker$MethodInvocationAgent.invoke(TestInvoker.java:816)
at org.testng.internal.TestInvoker.invokeTestMethods(TestInvoker.java:146)
at org.testng.internal.TestMethodWorker.invokeTestMethods(TestMethodWorker.java:146)
at org.testng.internal.TestMethodWorker.run(TestMethodWorker.java:128)
at java.util.ArrayList.forEach(ArrayList.java:1259)
at org.testng.TestRunner.privateRun(TestRunner.java:766)
at org.testng.TestRunner.run(TestRunner.java:587)
at org.testng.SuiteRunner.runTest(SuiteRunner.java:384)
at org.testng.SuiteRunner.runSequentially(SuiteRunner.java:378)
at org.testng.SuiteRunner.privateRun(SuiteRunner.java:337)
at org.testng.SuiteRunner.run(SuiteRunner.java:286)
at org.testng.SuiteRunnerWorker.runSuite(SuiteRunnerWorker.java:53)
at org.testng.SuiteRunnerWorker.run(SuiteRunnerWorker.java:96)
at org.testng.TestNG.runSuitesSequentially(TestNG.java:1187)
at org.testng.TestNG.runSuitesLocally(TestNG.java:1109)
at org.testng.TestNG.runSuites(TestNG.java:1039)
at org.testng.TestNG.run(TestNG.java:1007)
at org.testng.remote.AbstractRemoteTestNG.run(AbstractRemoteTestNG.java:115)
at org.testng.remote.RemoteTestNG.initAndRun(RemoteTestNG.java:251)
at org.testng.remote.RemoteTestNG.main(RemoteTestNG.java:77)
]]>
            </full-stacktrace>
          </exception> <!-- io.cucumber.testng.UndefinedStepException -->
          <reporter-output>
          </reporter-output>
        </test-method> <!-- runScenario -->
        <test-method status="SKIP" signature="runScenario(io.cucumber.testng.PickleWrapper, io.cucumber.testng.FeatureWrapper)[pri:0, instance:runner.RunnerData@458c1321]" name="runScenario" duration-ms="43" started-at="2022-08-06T12:19:30 ICT" description="Runs Cucumber Scenarios" data-provider="scenarios" finished-at="2022-08-06T12:19:30 ICT">
          <params>
            <param index="0">
              <value>
                <![CDATA["InValid Edit"]]>
              </value>
            </param>
            <param index="1">
              <value>
                <![CDATA["Edit Data Test"]]>
              </value>
            </param>
          </params>
          <exception class="io.cucumber.testng.UndefinedStepException">
            <message>
              <![CDATA[There were 6 undefined steps
The step "User login with username "developer" and password "23"" is undefined. You can implement it using the snippet(s) below:

@Given("User login with username {string} and password {string}")
public void user_login_with_username_and_password(String string, String string2) {
    // Write code here that turns the phrase above into concrete actions
    throw new io.cucumber.java.PendingException();
}

The step "User move to table Edit Data" is undefined. You can implement it using the snippet(s) below:

@Given("User move to table Edit Data")
public void user_move_to_table_Edit_Data() {
    // Write code here that turns the phrase above into concrete actions
    throw new io.cucumber.java.PendingException();
}

The step "User select earliest data" is undefined. You can implement it using the snippet(s) below:

@Given("User select earliest data")
public void user_select_earliest_data() {
    // Write code here that turns the phrase above into concrete actions
    throw new io.cucumber.java.PendingException();
}

The step "User update or edit the data" is undefined. You can implement it using the snippet(s) below:

@Given("User update or edit the data")
public void user_update_or_edit_the_data() {
    // Write code here that turns the phrase above into concrete actions
    throw new io.cucumber.java.PendingException();
}

The step "User not confirm or click close button" is undefined. You can implement it using the snippet(s) below:

@Given("User not confirm or click close button")
public void user_not_confirm_or_click_close_button() {
    // Write code here that turns the phrase above into concrete actions
    throw new io.cucumber.java.PendingException();
}

The step "User see data not changed" is undefined. You can implement it using the snippet(s) below:

@Then("User see data not changed")
public void user_see_data_not_changed() {
    // Write code here that turns the phrase above into concrete actions
    throw new io.cucumber.java.PendingException();
}
]]>
            </message>
            <full-stacktrace>
              <![CDATA[io.cucumber.testng.UndefinedStepException: There were 6 undefined steps
The step "User login with username "developer" and password "23"" is undefined. You can implement it using the snippet(s) below:

@Given("User login with username {string} and password {string}")
public void user_login_with_username_and_password(String string, String string2) {
    // Write code here that turns the phrase above into concrete actions
    throw new io.cucumber.java.PendingException();
}

The step "User move to table Edit Data" is undefined. You can implement it using the snippet(s) below:

@Given("User move to table Edit Data")
public void user_move_to_table_Edit_Data() {
    // Write code here that turns the phrase above into concrete actions
    throw new io.cucumber.java.PendingException();
}

The step "User select earliest data" is undefined. You can implement it using the snippet(s) below:

@Given("User select earliest data")
public void user_select_earliest_data() {
    // Write code here that turns the phrase above into concrete actions
    throw new io.cucumber.java.PendingException();
}

The step "User update or edit the data" is undefined. You can implement it using the snippet(s) below:

@Given("User update or edit the data")
public void user_update_or_edit_the_data() {
    // Write code here that turns the phrase above into concrete actions
    throw new io.cucumber.java.PendingException();
}

The step "User not confirm or click close button" is undefined. You can implement it using the snippet(s) below:

@Given("User not confirm or click close button")
public void user_not_confirm_or_click_close_button() {
    // Write code here that turns the phrase above into concrete actions
    throw new io.cucumber.java.PendingException();
}

The step "User see data not changed" is undefined. You can implement it using the snippet(s) below:

@Then("User see data not changed")
public void user_see_data_not_changed() {
    // Write code here that turns the phrase above into concrete actions
    throw new io.cucumber.java.PendingException();
}

at io.cucumber.testng.TestCaseResultObserver.assertTestCasePassed(TestCaseResultObserver.java:112)
at io.cucumber.testng.TestNGCucumberRunner.runScenario(TestNGCucumberRunner.java:125)
at io.cucumber.testng.AbstractTestNGCucumberTests.runScenario(AbstractTestNGCucumberTests.java:29)
at sun.reflect.NativeMethodAccessorImpl.invoke0(Native Method)
at sun.reflect.NativeMethodAccessorImpl.invoke(NativeMethodAccessorImpl.java:62)
at sun.reflect.DelegatingMethodAccessorImpl.invoke(DelegatingMethodAccessorImpl.java:43)
at java.lang.reflect.Method.invoke(Method.java:498)
at org.testng.internal.MethodInvocationHelper.invokeMethod(MethodInvocationHelper.java:134)
at org.testng.internal.TestInvoker.invokeMethod(TestInvoker.java:597)
at org.testng.internal.TestInvoker.invokeTestMethod(TestInvoker.java:173)
at org.testng.internal.MethodRunner.runInSequence(MethodRunner.java:46)
at org.testng.internal.TestInvoker$MethodInvocationAgent.invoke(TestInvoker.java:816)
at org.testng.internal.TestInvoker.invokeTestMethods(TestInvoker.java:146)
at org.testng.internal.TestMethodWorker.invokeTestMethods(TestMethodWorker.java:146)
at org.testng.internal.TestMethodWorker.run(TestMethodWorker.java:128)
at java.util.ArrayList.forEach(ArrayList.java:1259)
at org.testng.TestRunner.privateRun(TestRunner.java:766)
at org.testng.TestRunner.run(TestRunner.java:587)
at org.testng.SuiteRunner.runTest(SuiteRunner.java:384)
at org.testng.SuiteRunner.runSequentially(SuiteRunner.java:378)
at org.testng.SuiteRunner.privateRun(SuiteRunner.java:337)
at org.testng.SuiteRunner.run(SuiteRunner.java:286)
at org.testng.SuiteRunnerWorker.runSuite(SuiteRunnerWorker.java:53)
at org.testng.SuiteRunnerWorker.run(SuiteRunnerWorker.java:96)
at org.testng.TestNG.runSuitesSequentially(TestNG.java:1187)
at org.testng.TestNG.runSuitesLocally(TestNG.java:1109)
at org.testng.TestNG.runSuites(TestNG.java:1039)
at org.testng.TestNG.run(TestNG.java:1007)
at org.testng.remote.AbstractRemoteTestNG.run(AbstractRemoteTestNG.java:115)
at org.testng.remote.RemoteTestNG.initAndRun(RemoteTestNG.java:251)
at org.testng.remote.RemoteTestNG.main(RemoteTestNG.java:77)
]]>
            </full-stacktrace>
          </exception> <!-- io.cucumber.testng.UndefinedStepException -->
          <reporter-output>
          </reporter-output>
        </test-method> <!-- runScenario -->
        <test-method status="SKIP" signature="runScenario(io.cucumber.testng.PickleWrapper, io.cucumber.testng.FeatureWrapper)[pri:0, instance:runner.RunnerData@458c1321]" name="runScenario" duration-ms="24" started-at="2022-08-06T12:19:30 ICT" description="Runs Cucumber Scenarios" data-provider="scenarios" finished-at="2022-08-06T12:19:30 ICT">
          <params>
            <param index="0">
              <value>
                <![CDATA["InValid Edit"]]>
              </value>
            </param>
            <param index="1">
              <value>
                <![CDATA["Edit Data Test"]]>
              </value>
            </param>
          </params>
          <exception class="io.cucumber.testng.UndefinedStepException">
            <message>
              <![CDATA[There were 6 undefined steps
The step "User login with username "developer" and password "23"" is undefined. You can implement it using the snippet(s) below:

@Given("User login with username {string} and password {string}")
public void user_login_with_username_and_password(String string, String string2) {
    // Write code here that turns the phrase above into concrete actions
    throw new io.cucumber.java.PendingException();
}

The step "User move to table Edit Data" is undefined. You can implement it using the snippet(s) below:

@Given("User move to table Edit Data")
public void user_move_to_table_Edit_Data() {
    // Write code here that turns the phrase above into concrete actions
    throw new io.cucumber.java.PendingException();
}

The step "User select the latest data" is undefined. You can implement it using the snippet(s) below:

@Given("User select the latest data")
public void user_select_the_latest_data() {
    // Write code here that turns the phrase above into concrete actions
    throw new io.cucumber.java.PendingException();
}

The step "User update or edit the data" is undefined. You can implement it using the snippet(s) below:

@Given("User update or edit the data")
public void user_update_or_edit_the_data() {
    // Write code here that turns the phrase above into concrete actions
    throw new io.cucumber.java.PendingException();
}

The step "User not confirm or click close button" is undefined. You can implement it using the snippet(s) below:

@Given("User not confirm or click close button")
public void user_not_confirm_or_click_close_button() {
    // Write code here that turns the phrase above into concrete actions
    throw new io.cucumber.java.PendingException();
}

The step "User see data not changed" is undefined. You can implement it using the snippet(s) below:

@Then("User see data not changed")
public void user_see_data_not_changed() {
    // Write code here that turns the phrase above into concrete actions
    throw new io.cucumber.java.PendingException();
}
]]>
            </message>
            <full-stacktrace>
              <![CDATA[io.cucumber.testng.UndefinedStepException: There were 6 undefined steps
The step "User login with username "developer" and password "23"" is undefined. You can implement it using the snippet(s) below:

@Given("User login with username {string} and password {string}")
public void user_login_with_username_and_password(String string, String string2) {
    // Write code here that turns the phrase above into concrete actions
    throw new io.cucumber.java.PendingException();
}

The step "User move to table Edit Data" is undefined. You can implement it using the snippet(s) below:

@Given("User move to table Edit Data")
public void user_move_to_table_Edit_Data() {
    // Write code here that turns the phrase above into concrete actions
    throw new io.cucumber.java.PendingException();
}

The step "User select the latest data" is undefined. You can implement it using the snippet(s) below:

@Given("User select the latest data")
public void user_select_the_latest_data() {
    // Write code here that turns the phrase above into concrete actions
    throw new io.cucumber.java.PendingException();
}

The step "User update or edit the data" is undefined. You can implement it using the snippet(s) below:

@Given("User update or edit the data")
public void user_update_or_edit_the_data() {
    // Write code here that turns the phrase above into concrete actions
    throw new io.cucumber.java.PendingException();
}

The step "User not confirm or click close button" is undefined. You can implement it using the snippet(s) below:

@Given("User not confirm or click close button")
public void user_not_confirm_or_click_close_button() {
    // Write code here that turns the phrase above into concrete actions
    throw new io.cucumber.java.PendingException();
}

The step "User see data not changed" is undefined. You can implement it using the snippet(s) below:

@Then("User see data not changed")
public void user_see_data_not_changed() {
    // Write code here that turns the phrase above into concrete actions
    throw new io.cucumber.java.PendingException();
}

at io.cucumber.testng.TestCaseResultObserver.assertTestCasePassed(TestCaseResultObserver.java:112)
at io.cucumber.testng.TestNGCucumberRunner.runScenario(TestNGCucumberRunner.java:125)
at io.cucumber.testng.AbstractTestNGCucumberTests.runScenario(AbstractTestNGCucumberTests.java:29)
at sun.reflect.NativeMethodAccessorImpl.invoke0(Native Method)
at sun.reflect.NativeMethodAccessorImpl.invoke(NativeMethodAccessorImpl.java:62)
at sun.reflect.DelegatingMethodAccessorImpl.invoke(DelegatingMethodAccessorImpl.java:43)
at java.lang.reflect.Method.invoke(Method.java:498)
at org.testng.internal.MethodInvocationHelper.invokeMethod(MethodInvocationHelper.java:134)
at org.testng.internal.TestInvoker.invokeMethod(TestInvoker.java:597)
at org.testng.internal.TestInvoker.invokeTestMethod(TestInvoker.java:173)
at org.testng.internal.MethodRunner.runInSequence(MethodRunner.java:46)
at org.testng.internal.TestInvoker$MethodInvocationAgent.invoke(TestInvoker.java:816)
at org.testng.internal.TestInvoker.invokeTestMethods(TestInvoker.java:146)
at org.testng.internal.TestMethodWorker.invokeTestMethods(TestMethodWorker.java:146)
at org.testng.internal.TestMethodWorker.run(TestMethodWorker.java:128)
at java.util.ArrayList.forEach(ArrayList.java:1259)
at org.testng.TestRunner.privateRun(TestRunner.java:766)
at org.testng.TestRunner.run(TestRunner.java:587)
at org.testng.SuiteRunner.runTest(SuiteRunner.java:384)
at org.testng.SuiteRunner.runSequentially(SuiteRunner.java:378)
at org.testng.SuiteRunner.privateRun(SuiteRunner.java:337)
at org.testng.SuiteRunner.run(SuiteRunner.java:286)
at org.testng.SuiteRunnerWorker.runSuite(SuiteRunnerWorker.java:53)
at org.testng.SuiteRunnerWorker.run(SuiteRunnerWorker.java:96)
at org.testng.TestNG.runSuitesSequentially(TestNG.java:1187)
at org.testng.TestNG.runSuitesLocally(TestNG.java:1109)
at org.testng.TestNG.runSuites(TestNG.java:1039)
at org.testng.TestNG.run(TestNG.java:1007)
at org.testng.remote.AbstractRemoteTestNG.run(AbstractRemoteTestNG.java:115)
at org.testng.remote.RemoteTestNG.initAndRun(RemoteTestNG.java:251)
at org.testng.remote.RemoteTestNG.main(RemoteTestNG.java:77)
]]>
            </full-stacktrace>
          </exception> <!-- io.cucumber.testng.UndefinedStepException -->
          <reporter-output>
          </reporter-output>
        </test-method> <!-- runScenario -->
        <test-method status="PASS" signature="runScenario(io.cucumber.testng.PickleWrapper, io.cucumber.testng.FeatureWrapper)[pri:0, instance:runner.RunnerData@458c1321]" name="runScenario" duration-ms="17560" started-at="2022-08-06T12:19:30 ICT" description="Runs Cucumber Scenarios" data-provider="scenarios" finished-at="2022-08-06T12:19:48 ICT">
          <params>
            <param index="0">
              <value>
                <![CDATA["Valid Upload"]]>
              </value>
            </param>
            <param index="1">
              <value>
                <![CDATA["Upload Data Test"]]>
              </value>
            </param>
          </params>
          <reporter-output>
          </reporter-output>
        </test-method> <!-- runScenario -->
        <test-method status="PASS" signature="runScenario(io.cucumber.testng.PickleWrapper, io.cucumber.testng.FeatureWrapper)[pri:0, instance:runner.RunnerData@458c1321]" name="runScenario" duration-ms="17738" started-at="2022-08-06T12:19:48 ICT" description="Runs Cucumber Scenarios" data-provider="scenarios" finished-at="2022-08-06T12:20:05 ICT">
          <params>
            <param index="0">
              <value>
                <![CDATA["InValid Upload"]]>
              </value>
            </param>
            <param index="1">
              <value>
                <![CDATA["Upload Data Test"]]>
              </value>
            </param>
          </params>
          <reporter-output>
          </reporter-output>
        </test-method> <!-- runScenario -->
        <test-method status="PASS" signature="tearDownClass()[pri:0, instance:runner.RunnerData@458c1321]" name="tearDownClass" is-config="true" duration-ms="452" started-at="2022-08-06T12:20:06 ICT" finished-at="2022-08-06T12:20:06 ICT">
          <reporter-output>
          </reporter-output>
        </test-method> <!-- tearDownClass -->
      </class> <!-- runner.RunnerData -->
    </test> <!-- Default test -->
  </suite> <!-- Default suite -->
</testng-results>
