<?xml version="1.0" encoding="UTF-8"?>
<!-- Generated by org.testng.reporters.JUnitXMLReporter -->
<testsuite hostname="Desta" ignored="0" name="Default test" tests="3" failures="0" timestamp="2022-07-27T12:58:30 ICT" time="3.368" errors="0">
  <testcase name="openAppTest" time="2.577" classname="com.kitalulus.searchVacancy"/>
  <testcase name="bookmarkTest" time="0.398" classname="com.kitalulus.bookmarkLove"/>
  <testcase name="openAppTest" time="0.316" classname="com.kitalulus.openApp"/>
</testsuite> <!-- Default test -->
