<?xml version="1.0" encoding="UTF-8"?>
<!-- Generated by org.testng.reporters.JUnitXMLReporter -->
<testsuite hostname="Desta" ignored="0" name="Test" tests="2" failures="0" timestamp="2022-08-03T00:23:38 ICT" time="0.752" errors="0">
  <testcase name="runScenario" time="0.132" classname="io.cucumber.testng.AbstractTestNGCucumberTests">
    <skipped/>
  </testcase> <!-- runScenario -->
  <testcase name="runScenario" time="0.013" classname="io.cucumber.testng.AbstractTestNGCucumberTests">
    <skipped/>
  </testcase> <!-- runScenario -->
</testsuite> <!-- Test -->
