<?xml version="1.0" encoding="UTF-8"?>
<testng-results skipped="0" failed="0" ignored="0" total="1" passed="1">
  <reporter-output>
  </reporter-output>
  <suite name="Default suite" duration-ms="6232" started-at="2022-07-27T22:53:18 ICT" finished-at="2022-07-27T22:53:24 ICT">
    <groups>
      <group name="cucumber">
        <method signature="AbstractTestNGCucumberTests.runScenario(io.cucumber.testng.PickleWrapper, io.cucumber.testng.FeatureWrapper)[pri:0, instance:runner.RunnerBookmark@6acdbdf5]" name="runScenario" class="io.cucumber.testng.AbstractTestNGCucumberTests"/>
      </group> <!-- cucumber -->
    </groups>
    <test name="Default test" duration-ms="6232" started-at="2022-07-27T22:53:18 ICT" finished-at="2022-07-27T22:53:24 ICT">
      <class name="runner.RunnerBookmark">
        <test-method status="PASS" signature="setUpClass()[pri:0, instance:runner.RunnerBookmark@6acdbdf5]" name="setUpClass" is-config="true" duration-ms="519" started-at="2022-07-27T22:53:18 ICT" finished-at="2022-07-27T22:53:18 ICT">
          <reporter-output>
          </reporter-output>
        </test-method> <!-- setUpClass -->
        <test-method status="PASS" signature="runScenario(io.cucumber.testng.PickleWrapper, io.cucumber.testng.FeatureWrapper)[pri:0, instance:runner.RunnerBookmark@6acdbdf5]" name="runScenario" duration-ms="5530" started-at="2022-07-27T22:53:19 ICT" description="Runs Cucumber Scenarios" data-provider="scenarios" finished-at="2022-07-27T22:53:24 ICT">
          <params>
            <param index="0">
              <value>
                <![CDATA["search job vacancy"]]>
              </value>
            </param>
            <param index="1">
              <value>
                <![CDATA["Bookmark Test"]]>
              </value>
            </param>
          </params>
          <reporter-output>
          </reporter-output>
        </test-method> <!-- runScenario -->
        <test-method status="PASS" signature="tearDownClass()[pri:0, instance:runner.RunnerBookmark@6acdbdf5]" name="tearDownClass" is-config="true" duration-ms="115" started-at="2022-07-27T22:53:24 ICT" finished-at="2022-07-27T22:53:24 ICT">
          <reporter-output>
          </reporter-output>
        </test-method> <!-- tearDownClass -->
      </class> <!-- runner.RunnerBookmark -->
    </test> <!-- Default test -->
  </suite> <!-- Default suite -->
</testng-results>
