<?xml version="1.0" encoding="UTF-8"?>
<!-- Generated by org.testng.reporters.JUnitXMLReporter -->
<testsuite hostname="Desta" ignored="0" name="Default test" tests="3" failures="0" timestamp="2022-07-27T12:59:45 ICT" time="2.693" errors="0">
  <testcase name="openAppTest" time="1.989" classname="com.kitalulus.searchVacancy"/>
  <testcase name="bookmarkTest" time="0.34" classname="com.kitalulus.bookmarkLove"/>
  <testcase name="openAppTest" time="0.287" classname="com.kitalulus.openApp"/>
</testsuite> <!-- Default test -->
