<?xml version="1.0" encoding="UTF-8"?>
<testng-results skipped="0" failed="0" ignored="0" total="1" passed="1">
  <reporter-output>
  </reporter-output>
  <suite name="Default suite" duration-ms="93" started-at="2022-07-27T11:38:52 ICT" finished-at="2022-07-27T11:38:52 ICT">
    <groups>
    </groups>
    <test name="Default test" duration-ms="93" started-at="2022-07-27T11:38:52 ICT" finished-at="2022-07-27T11:38:52 ICT">
      <class name="com.kitalulus.bookmarkLove">
        <test-method status="PASS" signature="setupDriver()[pri:0, instance:com.kitalulus.bookmarkLove@68bbe345]" name="setupDriver" is-config="true" duration-ms="5351" started-at="2022-07-27T11:38:47 ICT" finished-at="2022-07-27T11:38:52 ICT">
          <reporter-output>
          </reporter-output>
        </test-method> <!-- setupDriver -->
        <test-method status="PASS" signature="bookmarkTest()[pri:0, instance:com.kitalulus.bookmarkLove@68bbe345]" name="bookmarkTest" duration-ms="8" started-at="2022-07-27T11:38:52 ICT" description="Test date 26-July-22" finished-at="2022-07-27T11:38:52 ICT">
          <reporter-output>
          </reporter-output>
        </test-method> <!-- bookmarkTest -->
        <test-method status="FAIL" signature="closeDriver()[pri:0, instance:com.kitalulus.bookmarkLove@68bbe345]" name="closeDriver" is-config="true" duration-ms="0" started-at="2022-07-27T11:38:52 ICT" finished-at="2022-07-27T11:38:52 ICT">
          <exception class="java.lang.NullPointerException">
            <full-stacktrace>
              <![CDATA[java.lang.NullPointerException
at com.kitalulus.bookmarkLove.closeDriver(bookmarkLove.java:119)
at sun.reflect.NativeMethodAccessorImpl.invoke0(Native Method)
at sun.reflect.NativeMethodAccessorImpl.invoke(NativeMethodAccessorImpl.java:62)
at sun.reflect.DelegatingMethodAccessorImpl.invoke(DelegatingMethodAccessorImpl.java:43)
at java.lang.reflect.Method.invoke(Method.java:498)
at org.testng.internal.MethodInvocationHelper.invokeMethod(MethodInvocationHelper.java:134)
at org.testng.internal.MethodInvocationHelper.invokeMethodConsideringTimeout(MethodInvocationHelper.java:63)
at org.testng.internal.ConfigInvoker.invokeConfigurationMethod(ConfigInvoker.java:348)
at org.testng.internal.ConfigInvoker.invokeConfigurations(ConfigInvoker.java:302)
at org.testng.SuiteRunner.privateRun(SuiteRunner.java:351)
at org.testng.SuiteRunner.run(SuiteRunner.java:286)
at org.testng.SuiteRunnerWorker.runSuite(SuiteRunnerWorker.java:53)
at org.testng.SuiteRunnerWorker.run(SuiteRunnerWorker.java:96)
at org.testng.TestNG.runSuitesSequentially(TestNG.java:1187)
at org.testng.TestNG.runSuitesLocally(TestNG.java:1109)
at org.testng.TestNG.runSuites(TestNG.java:1039)
at org.testng.TestNG.run(TestNG.java:1007)
at org.testng.remote.AbstractRemoteTestNG.run(AbstractRemoteTestNG.java:115)
at org.testng.remote.RemoteTestNG.initAndRun(RemoteTestNG.java:251)
at org.testng.remote.RemoteTestNG.main(RemoteTestNG.java:77)
]]>
            </full-stacktrace>
          </exception> <!-- java.lang.NullPointerException -->
          <reporter-output>
          </reporter-output>
        </test-method> <!-- closeDriver -->
      </class> <!-- com.kitalulus.bookmarkLove -->
    </test> <!-- Default test -->
  </suite> <!-- Default suite -->
</testng-results>
