<?xml version="1.0" encoding="UTF-8"?>
<testng-results skipped="0" failed="0" ignored="0" total="3" passed="3">
  <reporter-output>
  </reporter-output>
  <suite name="Default suite" duration-ms="2693" started-at="2022-07-27T12:59:42 ICT" finished-at="2022-07-27T12:59:45 ICT">
    <groups>
    </groups>
    <test name="Default test" duration-ms="2693" started-at="2022-07-27T12:59:42 ICT" finished-at="2022-07-27T12:59:45 ICT">
      <class name="com.kitalulus.searchVacancy">
        <test-method status="PASS" signature="setupDriver()[pri:0, instance:com.kitalulus.searchVacancy@7494e528]" name="setupDriver" is-config="true" duration-ms="4714" started-at="2022-07-27T12:59:37 ICT" finished-at="2022-07-27T12:59:42 ICT">
          <reporter-output>
          </reporter-output>
        </test-method> <!-- setupDriver -->
        <test-method status="PASS" signature="openAppTest()[pri:0, instance:com.kitalulus.searchVacancy@7494e528]" name="openAppTest" duration-ms="1989" started-at="2022-07-27T12:59:42 ICT" description="Test date 26-July-22" finished-at="2022-07-27T12:59:44 ICT">
          <reporter-output>
          </reporter-output>
        </test-method> <!-- openAppTest -->
        <test-method status="PASS" signature="closeDriver()[pri:0, instance:com.kitalulus.searchVacancy@7494e528]" name="closeDriver" is-config="true" duration-ms="4394" started-at="2022-07-27T12:59:54 ICT" finished-at="2022-07-27T12:59:58 ICT">
          <reporter-output>
          </reporter-output>
        </test-method> <!-- closeDriver -->
      </class> <!-- com.kitalulus.searchVacancy -->
      <class name="com.kitalulus.bookmarkLove">
        <test-method status="PASS" signature="setupDriver()[pri:0, instance:com.kitalulus.bookmarkLove@4bbfb90a]" name="setupDriver" is-config="true" duration-ms="7437" started-at="2022-07-27T12:59:26 ICT" finished-at="2022-07-27T12:59:33 ICT">
          <reporter-output>
          </reporter-output>
        </test-method> <!-- setupDriver -->
        <test-method status="PASS" signature="bookmarkTest()[pri:0, instance:com.kitalulus.bookmarkLove@4bbfb90a]" name="bookmarkTest" duration-ms="340" started-at="2022-07-27T12:59:44 ICT" description="Test date 26-July-22" finished-at="2022-07-27T12:59:44 ICT">
          <reporter-output>
          </reporter-output>
        </test-method> <!-- bookmarkTest -->
        <test-method status="PASS" signature="closeDriver()[pri:0, instance:com.kitalulus.bookmarkLove@4bbfb90a]" name="closeDriver" is-config="true" duration-ms="4296" started-at="2022-07-27T12:59:45 ICT" finished-at="2022-07-27T12:59:49 ICT">
          <reporter-output>
          </reporter-output>
        </test-method> <!-- closeDriver -->
      </class> <!-- com.kitalulus.bookmarkLove -->
      <class name="com.kitalulus.openApp">
        <test-method status="PASS" signature="setupDriver()[pri:0, instance:com.kitalulus.openApp@7c29daf3]" name="setupDriver" is-config="true" duration-ms="3625" started-at="2022-07-27T12:59:33 ICT" finished-at="2022-07-27T12:59:37 ICT">
          <reporter-output>
          </reporter-output>
        </test-method> <!-- setupDriver -->
        <test-method status="PASS" signature="openAppTest()[pri:0, instance:com.kitalulus.openApp@7c29daf3]" name="openAppTest" duration-ms="287" started-at="2022-07-27T12:59:44 ICT" description="Test date 26-July-22" finished-at="2022-07-27T12:59:45 ICT">
          <reporter-output>
          </reporter-output>
        </test-method> <!-- openAppTest -->
        <test-method status="PASS" signature="closeDriver()[pri:0, instance:com.kitalulus.openApp@7c29daf3]" name="closeDriver" is-config="true" duration-ms="4692" started-at="2022-07-27T12:59:49 ICT" finished-at="2022-07-27T12:59:54 ICT">
          <reporter-output>
          </reporter-output>
        </test-method> <!-- closeDriver -->
      </class> <!-- com.kitalulus.openApp -->
    </test> <!-- Default test -->
  </suite> <!-- Default suite -->
</testng-results>
