<?xml version="1.0" encoding="UTF-8"?>
<!-- Generated by org.testng.reporters.JUnitReportReporter -->
<testsuite skipped="0" hostname="Desta" name="runner.RunnerData" tests="6" failures="1" timestamp="2022-08-06T01:41:36 ICT" time="108.108" errors="0">
  <testcase name="runScenario" time="20.679" classname="runner.RunnerData"/>
  <system-out/>
  <testcase name="runScenario" time="17.906" classname="runner.RunnerData">
    <failure type="java.lang.AssertionError" message="expected [Data Berhasil Simpan] but found []">
      <![CDATA[java.lang.AssertionError: expected [Data Berhasil Simpan] but found []
at org.testng.Assert.fail(Assert.java:97)
at org.testng.Assert.assertEqualsImpl(Assert.java:136)
at org.testng.Assert.assertEquals(Assert.java:118)
at org.testng.Assert.assertEquals(Assert.java:575)
at org.testng.Assert.assertEquals(Assert.java:585)
at definitionData.UploadData.UserSpv_get_validation_message(UploadData.java:215)
at ✽.UserSpv get validation message "Data Berhasil Simpan"(file:///C:/Users/ASUS/Desktop/Quality%20Assurance/SQA%20Project/SQA-KerjaPraktek/src/test/resources/DataFeatureFiles/uploadData.feature:16)
]]>
    </failure>
  </testcase> <!-- runScenario -->
  <system-out/>
  <testcase name="runScenario" time="23.637" classname="runner.RunnerData"/>
  <system-out/>
  <testcase name="runScenario" time="19.280" classname="runner.RunnerData"/>
  <system-out/>
  <testcase name="runScenario" time="14.482" classname="runner.RunnerData"/>
  <system-out/>
  <testcase name="runScenario" time="12.124" classname="runner.RunnerData"/>
  <system-out/>
</testsuite> <!-- runner.RunnerData -->
