<?xml version="1.0" encoding="UTF-8"?>
<!-- Generated by org.testng.reporters.JUnitXMLReporter -->
<testsuite hostname="Desta" ignored="0" name="Default test" tests="14" failures="3" timestamp="2022-08-07T13:28:51 ICT" time="204.346" errors="0">
  <testcase name="runScenario" time="8.057" classname="io.cucumber.testng.AbstractTestNGCucumberTests"/>
  <testcase name="runScenario" time="6.545" classname="io.cucumber.testng.AbstractTestNGCucumberTests"/>
  <testcase name="runScenario" time="6.231" classname="io.cucumber.testng.AbstractTestNGCucumberTests">
    <failure type="java.lang.AssertionError" message="expected [Username atau password tidak ditemukan atau akun anda tidak aktif] but found [Welcome to Tele Kita]">
      <![CDATA[java.lang.AssertionError: expected [Username atau password tidak ditemukan atau akun anda tidak aktif] but found [Welcome to Tele Kita]
at org.testng.Assert.fail(Assert.java:97)
at org.testng.Assert.assertEqualsImpl(Assert.java:136)
at org.testng.Assert.assertEquals(Assert.java:118)
at org.testng.Assert.assertEquals(Assert.java:575)
at org.testng.Assert.assertEquals(Assert.java:585)
at definitionLogin.Login.user_get_alert_notification(Login.java:71)
at ✽.User get alert or notification "Username atau password tidak ditemukan atau akun anda tidak aktif"(file:///C:/Users/ASUS/Desktop/Quality%20Assurance/SQA%20Project/SQA-KerjaPraktek/src/test/resources/LoginFeatureFiles/login.feature:15)
]]>
    </failure>
  </testcase> <!-- runScenario -->
  <testcase name="runScenario" time="6.573" classname="io.cucumber.testng.AbstractTestNGCucumberTests">
    <failure type="java.lang.AssertionError" message="expected [Username atau password tidak ditemukan atau akun anda tidak aktif] but found [Welcome to Tele Kita]">
      <![CDATA[java.lang.AssertionError: expected [Username atau password tidak ditemukan atau akun anda tidak aktif] but found [Welcome to Tele Kita]
at org.testng.Assert.fail(Assert.java:97)
at org.testng.Assert.assertEqualsImpl(Assert.java:136)
at org.testng.Assert.assertEquals(Assert.java:118)
at org.testng.Assert.assertEquals(Assert.java:575)
at org.testng.Assert.assertEquals(Assert.java:585)
at definitionLogin.Login.user_get_alert_notification(Login.java:71)
at ✽.User get alert or notification "Username atau password tidak ditemukan atau akun anda tidak aktif"(file:///C:/Users/ASUS/Desktop/Quality%20Assurance/SQA%20Project/SQA-KerjaPraktek/src/test/resources/LoginFeatureFiles/login.feature:15)
]]>
    </failure>
  </testcase> <!-- runScenario -->
  <testcase name="runScenario" time="20.64" classname="io.cucumber.testng.AbstractTestNGCucumberTests"/>
  <testcase name="runScenario" time="15.07" classname="io.cucumber.testng.AbstractTestNGCucumberTests"/>
  <testcase name="runScenario" time="21.023" classname="io.cucumber.testng.AbstractTestNGCucumberTests"/>
  <testcase name="runScenario" time="12.167" classname="io.cucumber.testng.AbstractTestNGCucumberTests"/>
  <testcase name="runScenario" time="14.159" classname="io.cucumber.testng.AbstractTestNGCucumberTests">
    <failure type="java.lang.AssertionError" message="expected [] but found [Berhasil]">
      <![CDATA[java.lang.AssertionError: expected [] but found [Berhasil]
at org.testng.Assert.fail(Assert.java:97)
at org.testng.Assert.assertEqualsImpl(Assert.java:136)
at org.testng.Assert.assertEquals(Assert.java:118)
at org.testng.Assert.assertEquals(Assert.java:575)
at org.testng.Assert.assertEquals(Assert.java:585)
at definitionData.EditData.user_see_data_changed_successfully(EditData.java:201)
at ✽.User see data changed successfully(file:///C:/Users/ASUS/Desktop/Quality%20Assurance/SQA%20Project/SQA-KerjaPraktek/src/test/resources/DataFeatureFiles/editData.feature:12)
]]>
    </failure>
  </testcase> <!-- runScenario -->
  <testcase name="runScenario" time="20.543" classname="io.cucumber.testng.AbstractTestNGCucumberTests"/>
  <testcase name="runScenario" time="18.146" classname="io.cucumber.testng.AbstractTestNGCucumberTests"/>
  <testcase name="runScenario" time="14.135" classname="io.cucumber.testng.AbstractTestNGCucumberTests"/>
  <testcase name="runScenario" time="19.536" classname="io.cucumber.testng.AbstractTestNGCucumberTests"/>
  <testcase name="runScenario" time="20.511" classname="io.cucumber.testng.AbstractTestNGCucumberTests"/>
</testsuite> <!-- Default test -->
