<?xml version="1.0" encoding="UTF-8"?>
<testng-results skipped="0" failed="0" ignored="0" total="3" passed="3">
  <reporter-output>
    <line>
      <![CDATA[<a target='_blank' href=' C:\Users\ASUS\Desktop\Quality Assurance\SQA Project\KitaLulusSeleniumTest\test-output\searchVacancy.png'>'<img src='C:\Users\ASUS\Desktop\Quality Assurance\SQA Project\KitaLulusSeleniumTest\test-output\searchVacancy.png'width=100 height=100/></a>]]>
    </line>
    <line>
      <![CDATA[<a target='_blank' href=' C:\Users\ASUS\Desktop\Quality Assurance\SQA Project\KitaLulusSeleniumTest\test-output\bookmark.png'>'<img src='C:\Users\ASUS\Desktop\Quality Assurance\SQA Project\KitaLulusSeleniumTest\test-output\bookmark.png'width=100 height=100/></a>]]>
    </line>
    <line>
      <![CDATA[<a target='_blank' href=' C:\Users\ASUS\Desktop\Quality Assurance\SQA Project\KitaLulusSeleniumTest\test-output\openApp.png'>'<img src='C:\Users\ASUS\Desktop\Quality Assurance\SQA Project\KitaLulusSeleniumTest\test-output\openApp.png'width=100 height=100/></a>]]>
    </line>
  </reporter-output>
  <suite name="Default suite" duration-ms="3368" started-at="2022-07-27T12:58:27 ICT" finished-at="2022-07-27T12:58:30 ICT">
    <groups>
    </groups>
    <test name="Default test" duration-ms="3368" started-at="2022-07-27T12:58:27 ICT" finished-at="2022-07-27T12:58:30 ICT">
      <class name="com.kitalulus.searchVacancy">
        <test-method status="PASS" signature="setupDriver()[pri:0, instance:com.kitalulus.searchVacancy@7494e528]" name="setupDriver" is-config="true" duration-ms="4824" started-at="2022-07-27T12:58:22 ICT" finished-at="2022-07-27T12:58:27 ICT">
          <reporter-output>
          </reporter-output>
        </test-method> <!-- setupDriver -->
        <test-method status="PASS" signature="openAppTest()[pri:0, instance:com.kitalulus.searchVacancy@7494e528]" name="openAppTest" duration-ms="2577" started-at="2022-07-27T12:58:27 ICT" description="Test date 26-July-22" finished-at="2022-07-27T12:58:30 ICT">
          <reporter-output>
            <line>
              <![CDATA[<a target='_blank' href=' C:\Users\ASUS\Desktop\Quality Assurance\SQA Project\KitaLulusSeleniumTest\test-output\searchVacancy.png'>'<img src='C:\Users\ASUS\Desktop\Quality Assurance\SQA Project\KitaLulusSeleniumTest\test-output\searchVacancy.png'width=100 height=100/></a>]]>
            </line>
          </reporter-output>
        </test-method> <!-- openAppTest -->
        <test-method status="PASS" signature="closeDriver()[pri:0, instance:com.kitalulus.searchVacancy@7494e528]" name="closeDriver" is-config="true" duration-ms="4271" started-at="2022-07-27T12:58:35 ICT" finished-at="2022-07-27T12:58:40 ICT">
          <reporter-output>
          </reporter-output>
        </test-method> <!-- closeDriver -->
      </class> <!-- com.kitalulus.searchVacancy -->
      <class name="com.kitalulus.bookmarkLove">
        <test-method status="PASS" signature="setupDriver()[pri:0, instance:com.kitalulus.bookmarkLove@4bbfb90a]" name="setupDriver" is-config="true" duration-ms="6174" started-at="2022-07-27T12:58:13 ICT" finished-at="2022-07-27T12:58:19 ICT">
          <reporter-output>
          </reporter-output>
        </test-method> <!-- setupDriver -->
        <test-method status="PASS" signature="bookmarkTest()[pri:0, instance:com.kitalulus.bookmarkLove@4bbfb90a]" name="bookmarkTest" duration-ms="398" started-at="2022-07-27T12:58:30 ICT" description="Test date 26-July-22" finished-at="2022-07-27T12:58:30 ICT">
          <reporter-output>
            <line>
              <![CDATA[<a target='_blank' href=' C:\Users\ASUS\Desktop\Quality Assurance\SQA Project\KitaLulusSeleniumTest\test-output\bookmark.png'>'<img src='C:\Users\ASUS\Desktop\Quality Assurance\SQA Project\KitaLulusSeleniumTest\test-output\bookmark.png'width=100 height=100/></a>]]>
            </line>
          </reporter-output>
        </test-method> <!-- bookmarkTest -->
        <test-method status="PASS" signature="closeDriver()[pri:0, instance:com.kitalulus.bookmarkLove@4bbfb90a]" name="closeDriver" is-config="true" duration-ms="0" started-at="2022-07-27T12:58:30 ICT" finished-at="2022-07-27T12:58:30 ICT">
          <reporter-output>
          </reporter-output>
        </test-method> <!-- closeDriver -->
      </class> <!-- com.kitalulus.bookmarkLove -->
      <class name="com.kitalulus.openApp">
        <test-method status="PASS" signature="setupDriver()[pri:0, instance:com.kitalulus.openApp@7c29daf3]" name="setupDriver" is-config="true" duration-ms="3478" started-at="2022-07-27T12:58:19 ICT" finished-at="2022-07-27T12:58:22 ICT">
          <reporter-output>
          </reporter-output>
        </test-method> <!-- setupDriver -->
        <test-method status="PASS" signature="openAppTest()[pri:0, instance:com.kitalulus.openApp@7c29daf3]" name="openAppTest" duration-ms="316" started-at="2022-07-27T12:58:30 ICT" description="Test date 26-July-22" finished-at="2022-07-27T12:58:30 ICT">
          <reporter-output>
            <line>
              <![CDATA[<a target='_blank' href=' C:\Users\ASUS\Desktop\Quality Assurance\SQA Project\KitaLulusSeleniumTest\test-output\openApp.png'>'<img src='C:\Users\ASUS\Desktop\Quality Assurance\SQA Project\KitaLulusSeleniumTest\test-output\openApp.png'width=100 height=100/></a>]]>
            </line>
          </reporter-output>
        </test-method> <!-- openAppTest -->
        <test-method status="PASS" signature="closeDriver()[pri:0, instance:com.kitalulus.openApp@7c29daf3]" name="closeDriver" is-config="true" duration-ms="4845" started-at="2022-07-27T12:58:30 ICT" finished-at="2022-07-27T12:58:35 ICT">
          <reporter-output>
          </reporter-output>
        </test-method> <!-- closeDriver -->
      </class> <!-- com.kitalulus.openApp -->
    </test> <!-- Default test -->
  </suite> <!-- Default suite -->
</testng-results>
